<?xml version="1.0" encoding="UTF-8"?>
<testng-results skipped="0" failed="0" ignored="0" total="2" passed="2">
  <reporter-output>
  </reporter-output>
  <suite name="Default suite" duration-ms="103255" started-at="2020-06-02T16:34:20 IST" finished-at="2020-06-02T16:36:04 IST">
    <groups>
    </groups>
    <test name="Default test" duration-ms="103255" started-at="2020-06-02T16:34:20 IST" finished-at="2020-06-02T16:36:04 IST">
      <class name="com.qa.hubSpot.tests.LoginPageTest">
        <test-method status="PASS" signature="setUp()[pri:0, instance:com.qa.hubSpot.tests.LoginPageTest@34cd072c]" name="setUp" is-config="true" duration-ms="40454" started-at="2020-06-02T16:34:21 IST" finished-at="2020-06-02T16:35:01 IST">
          <reporter-output>
          </reporter-output>
        </test-method> <!-- setUp -->
        <test-method status="PASS" signature="verifyLoginPageTite()[pri:1, instance:com.qa.hubSpot.tests.LoginPageTest@34cd072c]" name="verifyLoginPageTite" duration-ms="9161" started-at="2020-06-02T16:35:01 IST" finished-at="2020-06-02T16:35:10 IST">
          <reporter-output>
          </reporter-output>
        </test-method> <!-- verifyLoginPageTite -->
        <test-method status="PASS" signature="tearDown()[pri:0, instance:com.qa.hubSpot.tests.LoginPageTest@34cd072c]" name="tearDown" is-config="true" duration-ms="5556" started-at="2020-06-02T16:35:10 IST" finished-at="2020-06-02T16:35:16 IST">
          <reporter-output>
          </reporter-output>
        </test-method> <!-- tearDown -->
        <test-method status="PASS" signature="setUp()[pri:0, instance:com.qa.hubSpot.tests.LoginPageTest@34cd072c]" name="setUp" is-config="true" duration-ms="35783" started-at="2020-06-02T16:35:16 IST" finished-at="2020-06-02T16:35:52 IST">
          <reporter-output>
          </reporter-output>
        </test-method> <!-- setUp -->
        <test-method status="PASS" signature="loginTest()[pri:2, instance:com.qa.hubSpot.tests.LoginPageTest@34cd072c]" name="loginTest" duration-ms="9320" started-at="2020-06-02T16:35:52 IST" finished-at="2020-06-02T16:36:01 IST">
          <reporter-output>
          </reporter-output>
        </test-method> <!-- loginTest -->
        <test-method status="PASS" signature="tearDown()[pri:0, instance:com.qa.hubSpot.tests.LoginPageTest@34cd072c]" name="tearDown" is-config="true" duration-ms="2784" started-at="2020-06-02T16:36:01 IST" finished-at="2020-06-02T16:36:04 IST">
          <reporter-output>
          </reporter-output>
        </test-method> <!-- tearDown -->
      </class> <!-- com.qa.hubSpot.tests.LoginPageTest -->
    </test> <!-- Default test -->
  </suite> <!-- Default suite -->
</testng-results>
